# JRE version: Java(TM) SE Runtime Environment (8.0_181-b13) (build 1.8.0_181-b13)
# Java VM: Dynamic Code Evolution 64-Bit Server VM (25.71-b01-dcevmlight-26 mixed mode windows-amd64 compressed oops)
Heap:
 def new generation   total 262336K, used 179148K [0x00000006c0000000, 0x00000006d1ca0000, 0x0000000715550000)
  eden space 233216K,  70% used [0x00000006c0000000, 0x00000006ca0d4388, 0x00000006ce3c0000)
  from space 29120K,  49% used [0x00000006d0030000, 0x00000006d0e4ee48, 0x00000006d1ca0000)
  to   space 29120K,   0% used [0x00000006ce3c0000, 0x00000006ce3c0000, 0x00000006d0030000)
 tenured generation   total 582632K, used 345655K [0x0000000715550000, 0x0000000738e4a000, 0x00000007c0000000)
   the space 582632K,  59% used [0x0000000715550000, 0x000000072a6dddb0, 0x000000072a6dde00, 0x0000000738e4a000)
 Metaspace       used 143008K, capacity 150806K, committed 151168K, reserved 1179648K
  class space    used 18787K, capacity 20216K, committed 20352K, reserved 1048576K
GC Heap History (10 events):
Event: 2795.356 GC heap before
{Heap before GC invocations=152 (full 11):
 def new generation   total 262336K, used 250234K [0x00000006c0000000, 0x00000006d1ca0000, 0x0000000715550000)
  eden space 233216K, 100% used [0x00000006c0000000, 0x00000006ce3c0000, 0x00000006ce3c0000)
  from space 29120K,  58% used [0x00000006ce3c0000, 0x00000006cf45e900, 0x00000006d0030000)
  to   space 29120K,   0% used [0x00000006d0030000, 0x00000006d0030000, 0x00000006d1ca0000)
 tenured generation   total 582632K, used 522239K [0x0000000715550000, 0x0000000738e4a000, 0x00000007c0000000)
   the space 582632K,  89% used [0x0000000715550000, 0x000000073534ff60, 0x0000000735350000, 0x0000000738e4a000)
 Metaspace       used 141453K, capacity 148086K, committed 148224K, reserved 1177600K
  class space    used 18524K, capacity 19943K, committed 19968K, reserved 1048576K
Event: 2795.644 GC heap after
Heap after GC invocations=153 (full 11):
 def new generation   total 262336K, used 23502K [0x00000006c0000000, 0x00000006d1ca0000, 0x0000000715550000)
  eden space 233216K,   0% used [0x00000006c0000000, 0x00000006c0000000, 0x00000006ce3c0000)
  from space 29120K,  80% used [0x00000006d0030000, 0x00000006d17239d8, 0x00000006d1ca0000)
  to   space 29120K,   0% used [0x00000006ce3c0000, 0x00000006ce3c0000, 0x00000006d0030000)
 tenured generation   total 582632K, used 538715K [0x0000000715550000, 0x0000000738e4a000, 0x00000007c0000000)
   the space 582632K,  92% used [0x0000000715550000, 0x0000000736366f10, 0x0000000736367000, 0x0000000738e4a000)
 Metaspace       used 141453K, capacity 148086K, committed 148224K, reserved 1177600K
  class space    used 18524K, capacity 19943K, committed 19968K, reserved 1048576K
}
Event: 2800.257 GC heap before
{Heap before GC invocations=153 (full 11):
 def new generation   total 262336K, used 256718K [0x00000006c0000000, 0x00000006d1ca0000, 0x0000000715550000)
  eden space 233216K, 100% used [0x00000006c0000000, 0x00000006ce3c0000, 0x00000006ce3c0000)
  from space 29120K,  80% used [0x00000006d0030000, 0x00000006d17239d8, 0x00000006d1ca0000)
  to   space 29120K,   0% used [0x00000006ce3c0000, 0x00000006ce3c0000, 0x00000006d0030000)
 tenured generation   total 582632K, used 538715K [0x0000000715550000, 0x0000000738e4a000, 0x00000007c0000000)
   the space 582632K,  92% used [0x0000000715550000, 0x0000000736366f10, 0x0000000736367000, 0x0000000738e4a000)
 Metaspace       used 141486K, capacity 148174K, committed 148224K, reserved 1177600K
  class space    used 18531K, capacity 19951K, committed 19968K, reserved 1048576K
Event: 2800.444 GC heap after
Heap after GC invocations=154 (full 11):
 def new generation   total 262336K, used 29119K [0x00000006c0000000, 0x00000006d1ca0000, 0x0000000715550000)
  eden space 233216K,   0% used [0x00000006c0000000, 0x00000006c0000000, 0x00000006ce3c0000)
  from space 29120K,  99% used [0x00000006ce3c0000, 0x00000006d002fff8, 0x00000006d0030000)
  to   space 29120K,   0% used [0x00000006d0030000, 0x00000006d0030000, 0x00000006d1ca0000)
 tenured generation   total 582632K, used 576619K [0x0000000715550000, 0x0000000738e4a000, 0x00000007c0000000)
   the space 582632K,  98% used [0x0000000715550000, 0x000000073886aee0, 0x000000073886b000, 0x0000000738e4a000)
 Metaspace       used 141486K, capacity 148174K, committed 148224K, reserved 1177600K
  class space    used 18531K, capacity 19951K, committed 19968K, reserved 1048576K
}
Event: 2802.371 GC heap before
{Heap before GC invocations=154 (full 11):
 def new generation   total 262336K, used 262335K [0x00000006c0000000, 0x00000006d1ca0000, 0x0000000715550000)
  eden space 233216K, 100% used [0x00000006c0000000, 0x00000006ce3c0000, 0x00000006ce3c0000)
  from space 29120K,  99% used [0x00000006ce3c0000, 0x00000006d002fff8, 0x00000006d0030000)
  to   space 29120K,   0% used [0x00000006d0030000, 0x00000006d0030000, 0x00000006d1ca0000)
 tenured generation   total 582632K, used 576619K [0x0000000715550000, 0x0000000738e4a000, 0x00000007c0000000)
   the space 582632K,  98% used [0x0000000715550000, 0x000000073886aee0, 0x000000073886b000, 0x0000000738e4a000)
 Metaspace       used 141693K, capacity 148366K, committed 148608K, reserved 1177600K
  class space    used 18566K, capacity 20015K, committed 20096K, reserved 1048576K
Event: 2803.749 GC heap after
Heap after GC invocations=155 (full 12):
 def new generation   total 262336K, used 0K [0x00000006c0000000, 0x00000006d1ca0000, 0x0000000715550000)
  eden space 233216K,   0% used [0x00000006c0000000, 0x00000006c0000000, 0x00000006ce3c0000)
  from space 29120K,   0% used [0x00000006d0030000, 0x00000006d0030000, 0x00000006d1ca0000)
  to   space 29120K,   0% used [0x00000006ce3c0000, 0x00000006ce3c0000, 0x00000006d0030000)
 tenured generation   total 582632K, used 324426K [0x0000000715550000, 0x0000000738e4a000, 0x00000007c0000000)
   the space 582632K,  55% used [0x0000000715550000, 0x0000000729222af0, 0x0000000729222c00, 0x0000000738e4a000)
 Metaspace       used 141622K, capacity 148236K, committed 148608K, reserved 1177600K
  class space    used 18548K, capacity 19983K, committed 20096K, reserved 1048576K
}
Event: 3044.092 GC heap before
{Heap before GC invocations=155 (full 12):
 def new generation   total 262336K, used 233216K [0x00000006c0000000, 0x00000006d1ca0000, 0x0000000715550000)
  eden space 233216K, 100% used [0x00000006c0000000, 0x00000006ce3c0000, 0x00000006ce3c0000)
  from space 29120K,   0% used [0x00000006d0030000, 0x00000006d0030000, 0x00000006d1ca0000)
  to   space 29120K,   0% used [0x00000006ce3c0000, 0x00000006ce3c0000, 0x00000006d0030000)
 tenured generation   total 582632K, used 324426K [0x0000000715550000, 0x0000000738e4a000, 0x00000007c0000000)
   the space 582632K,  55% used [0x0000000715550000, 0x0000000729222af0, 0x0000000729222c00, 0x0000000738e4a000)
 Metaspace       used 141969K, capacity 148622K, committed 148864K, reserved 1177600K
  class space    used 18592K, capacity 20014K, committed 20096K, reserved 1048576K
Event: 3044.266 GC heap after
Heap after GC invocations=156 (full 12):
 def new generation   total 262336K, used 22720K [0x00000006c0000000, 0x00000006d1ca0000, 0x0000000715550000)
  eden space 233216K,   0% used [0x00000006c0000000, 0x00000006c0000000, 0x00000006ce3c0000)
  from space 29120K,  78% used [0x00000006ce3c0000, 0x00000006cf9f0158, 0x00000006d0030000)
  to   space 29120K,   0% used [0x00000006d0030000, 0x00000006d0030000, 0x00000006d1ca0000)
 tenured generation   total 582632K, used 324426K [0x0000000715550000, 0x0000000738e4a000, 0x00000007c0000000)
   the space 582632K,  55% used [0x0000000715550000, 0x0000000729222af0, 0x0000000729222c00, 0x0000000738e4a000)
 Metaspace       used 141969K, capacity 148622K, committed 148864K, reserved 1177600K
  class space    used 18592K, capacity 20014K, committed 20096K, reserved 1048576K
}
Event: 3045.970 GC heap before
{Heap before GC invocations=156 (full 12):
 def new generation   total 262336K, used 255936K [0x00000006c0000000, 0x00000006d1ca0000, 0x0000000715550000)
  eden space 233216K, 100% used [0x00000006c0000000, 0x00000006ce3c0000, 0x00000006ce3c0000)
  from space 29120K,  78% used [0x00000006ce3c0000, 0x00000006cf9f0158, 0x00000006d0030000)
  to   space 29120K,   0% used [0x00000006d0030000, 0x00000006d0030000, 0x00000006d1ca0000)
 tenured generation   total 582632K, used 324426K [0x0000000715550000, 0x0000000738e4a000, 0x00000007c0000000)
   the space 582632K,  55% used [0x0000000715550000, 0x0000000729222af0, 0x0000000729222c00, 0x0000000738e4a000)
 Metaspace       used 141977K, capacity 148686K, committed 148864K, reserved 1177600K
  class space    used 18592K, capacity 20014K, committed 20096K, reserved 1048576K
Event: 3046.131 GC heap after
Heap after GC invocations=157 (full 12):
 def new generation   total 262336K, used 14459K [0x00000006c0000000, 0x00000006d1ca0000, 0x0000000715550000)
  eden space 233216K,   0% used [0x00000006c0000000, 0x00000006c0000000, 0x00000006ce3c0000)
  from space 29120K,  49% used [0x00000006d0030000, 0x00000006d0e4ee48, 0x00000006d1ca0000)
  to   space 29120K,   0% used [0x00000006ce3c0000, 0x00000006ce3c0000, 0x00000006d0030000)
 tenured generation   total 582632K, used 345655K [0x0000000715550000, 0x0000000738e4a000, 0x00000007c0000000)
   the space 582632K,  59% used [0x0000000715550000, 0x000000072a6dddb0, 0x000000072a6dde00, 0x0000000738e4a000)
 Metaspace       used 141977K, capacity 148686K, committed 148864K, reserved 1177600K
  class space    used 18592K, capacity 20014K, committed 20096K, reserved 1048576K
}

